[debug] [2023-04-26T12:41:46.964Z] ----------------------------------------------------------------------
[debug] [2023-04-26T12:41:46.965Z] Command:       C:\Program Files\nodejs\node.exe C:\Users\mrzor\AppData\Roaming\npm\node_modules\firebase-tools\lib\bin\firebase.js init
[debug] [2023-04-26T12:41:46.966Z] CLI Version:   11.29.0
[debug] [2023-04-26T12:41:46.966Z] Platform:      win32
[debug] [2023-04-26T12:41:46.966Z] Node Version:  v18.13.0
[debug] [2023-04-26T12:41:46.967Z] Time:          Wed Apr 26 2023 14:41:46 GMT+0200 (czas środkowoeuropejski letni)
[debug] [2023-04-26T12:41:46.968Z] ----------------------------------------------------------------------
[debug] 
[debug] [2023-04-26T12:41:47.032Z] > command requires scopes: ["email","openid","https://www.googleapis.com/auth/cloudplatformprojects.readonly","https://www.googleapis.com/auth/firebase","https://www.googleapis.com/auth/cloud-platform"]
[debug] [2023-04-26T12:41:47.032Z] > authorizing via signed-in user (zgolebiewska5@gmail.com)
[info] 
     ######## #### ########  ######## ########     ###     ######  ########
     ##        ##  ##     ## ##       ##     ##  ##   ##  ##       ##
     ######    ##  ########  ######   ########  #########  ######  ######
     ##        ##  ##    ##  ##       ##     ## ##     ##       ## ##
     ##       #### ##     ## ######## ########  ##     ##  ######  ########

You're about to initialize a Firebase project in this directory:

  C:\Users\mrzor\WebstormProjects\zarzadzanie

Before we get started, keep in mind:

  * You are initializing within an existing Firebase project directory

[info] 
=== Project Setup
[info] 
[info] First, let's associate this project directory with a Firebase project.
[info] You can create multiple project aliases by running firebase use --add, 
[info] but for now we'll just set up a default project.
[info] 
[debug] [2023-04-26T12:42:03.292Z] Using project from CLI flag: plantree-17cb6
[debug] [2023-04-26T12:42:03.294Z] >>> [apiv2][query] GET https://firebase.googleapis.com/v1beta1/projects/plantree-17cb6 [none]
[debug] [2023-04-26T12:42:03.756Z] <<< [apiv2][status] GET https://firebase.googleapis.com/v1beta1/projects/plantree-17cb6 200
[debug] [2023-04-26T12:42:03.756Z] <<< [apiv2][body] GET https://firebase.googleapis.com/v1beta1/projects/plantree-17cb6 {"projectId":"plantree-17cb6","projectNumber":"395530806801","displayName":"PlanTree","name":"projects/plantree-17cb6","resources":{"hostingSite":"plantree-17cb6"},"state":"ACTIVE","etag":"1_9f0bbaf9-0620-48d1-89c6-0e75c6138df2"}
[info] i  Using project plantree-17cb6 (PlanTree) 
[info] 
=== Hosting Setup
[info] 
[info] Your public directory is the folder (relative to your project directory) that
[info] will contain Hosting assets to be uploaded with firebase deploy. If you
[info] have a build process for your assets, use your build's output directory.
[info] 
[info] i  Skipping write of public/404.html 
[debug] [2023-04-26T12:42:16.807Z] >>> [apiv2][query] GET https://www.gstatic.com/firebasejs/releases.json [none]
[debug] [2023-04-26T12:42:17.018Z] <<< [apiv2][status] GET https://www.gstatic.com/firebasejs/releases.json 200
[debug] [2023-04-26T12:42:17.019Z] <<< [apiv2][body] GET https://www.gstatic.com/firebasejs/releases.json {"current":{"version":"9.20.0","browserURL":"https://www.gstatic.com/firebasejs/9.20.0/firebase.js","packageURL":"https://www.gstatic.com/firebasejs/9.20.0/firebase.tgz"},"live":{"version":"9.20","browserURL":"https://www.gstatic.com/firebasejs/live/9.20/firebase.js","packageURL":"https://www.gstatic.com/firebasejs/live/9.20/firebase.tgz"},"components":{"analytics":"https://www.gstatic.com/firebasejs/9.20.0/firebase-analytics.js","app":"https://www.gstatic.com/firebasejs/9.20.0/firebase-app.js","app-check":"https://www.gstatic.com/firebasejs/9.20.0/firebase-app-check.js","auth":"https://www.gstatic.com/firebasejs/9.20.0/firebase-auth.js","auth/cordova":"https://www.gstatic.com/firebasejs/9.20.0/firebase-auth/cordova.js","auth/react-native":"https://www.gstatic.com/firebasejs/9.20.0/firebase-auth/react-native.js","functions":"https://www.gstatic.com/firebasejs/9.20.0/firebase-functions.js","firestore":"https://www.gstatic.com/firebasejs/9.20.0/firebase-firestore.js","firestore/lite":"https://www.gstatic.com/firebasejs/9.20.0/firebase-firestore/lite.js","installations":"https://www.gstatic.com/firebasejs/9.20.0/firebase-installations.js","storage":"https://www.gstatic.com/firebasejs/9.20.0/firebase-storage.js","performance":"https://www.gstatic.com/firebasejs/9.20.0/firebase-performance.js","remote-config":"https://www.gstatic.com/firebasejs/9.20.0/firebase-remote-config.js","messaging":"https://www.gstatic.com/firebasejs/9.20.0/firebase-messaging.js","messaging/sw":"https://www.gstatic.com/firebasejs/9.20.0/firebase-messaging/sw.js","database":"https://www.gstatic.com/firebasejs/9.20.0/firebase-database.js","firestore.memory":"https://www.gstatic.com/firebasejs/9.20.0/firebase-firestore.memory.js"}}
[info] i  Skipping write of public/index.html 
[info] 
[info] i  Detected a .git folder at C:\Users\mrzor\WebstormProjects\zarzadzanie 
[info] i  Authorizing with GitHub to upload your service account to a GitHub repository's secrets store. 
[info] 
[info] Visit this URL on this device to log in:
[info] https://github.com/login/oauth/authorize?client_id=89cf50f02ac6aaed3484&state=154181052&redirect_uri=http%3A%2F%2Flocalhost%3A9005&scope=read%3Auser%20repo%20public_repo
[info] 
[info] Waiting for authentication...
[debug] [2023-04-26T12:42:45.998Z] >>> [apiv2][query] POST https://github.com/login/oauth/access_token [none]
[debug] [2023-04-26T12:42:45.998Z] >>> [apiv2][body] POST https://github.com/login/oauth/access_token [stream]
[debug] [2023-04-26T12:42:46.416Z] <<< [apiv2][status] POST https://github.com/login/oauth/access_token 200
[debug] [2023-04-26T12:42:46.416Z] <<< [apiv2][body] POST https://github.com/login/oauth/access_token {"access_token":"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","token_type":"bearer","scope":"read:user,repo"}
[debug] [2023-04-26T12:42:46.421Z] >>> [apiv2][query] GET https://api.github.com/user [none]
[debug] [2023-04-26T12:42:46.873Z] <<< [apiv2][status] GET https://api.github.com/user 200
[debug] [2023-04-26T12:42:46.873Z] <<< [apiv2][body] GET https://api.github.com/user {"login":"zgolebiewska","id":77535137,"node_id":"MDQ6VXNlcjc3NTM1MTM3","avatar_url":"https://avatars.githubusercontent.com/u/77535137?v=4","gravatar_id":"","url":"https://api.github.com/users/zgolebiewska","html_url":"https://github.com/zgolebiewska","followers_url":"https://api.github.com/users/zgolebiewska/followers","following_url":"https://api.github.com/users/zgolebiewska/following{/other_user}","gists_url":"https://api.github.com/users/zgolebiewska/gists{/gist_id}","starred_url":"https://api.github.com/users/zgolebiewska/starred{/owner}{/repo}","subscriptions_url":"https://api.github.com/users/zgolebiewska/subscriptions","organizations_url":"https://api.github.com/users/zgolebiewska/orgs","repos_url":"https://api.github.com/users/zgolebiewska/repos","events_url":"https://api.github.com/users/zgolebiewska/events{/privacy}","received_events_url":"https://api.github.com/users/zgolebiewska/received_events","type":"User","site_admin":false,"name":"Zuzanna Gołębiewska","company":null,"blog":"","location":"Poznań, Polska","email":null,"hireable":null,"bio":null,"twitter_username":null,"public_repos":7,"public_gists":0,"followers":2,"following":2,"created_at":"2021-01-16T12:33:53Z","updated_at":"2023-04-19T11:54:04Z","private_gists":0,"total_private_repos":9,"owned_private_repos":8,"disk_usage":102678,"collaborators":1,"two_factor_authentication":false,"plan":{"name":"free","space":976562499,"collaborators":0,"private_repos":10000}}
[info] 
[info] +  Success! Logged into GitHub as zgolebiewska 
[info] 
