[debug] [2023-04-26T12:32:55.382Z] ----------------------------------------------------------------------
[debug] [2023-04-26T12:32:55.384Z] Command:       C:\Program Files\nodejs\node.exe C:\Users\mrzor\AppData\Roaming\npm\node_modules\firebase-tools\lib\bin\firebase.js init
[debug] [2023-04-26T12:32:55.385Z] CLI Version:   11.29.0
[debug] [2023-04-26T12:32:55.385Z] Platform:      win32
[debug] [2023-04-26T12:32:55.385Z] Node Version:  v18.13.0
[debug] [2023-04-26T12:32:55.386Z] Time:          Wed Apr 26 2023 14:32:55 GMT+0200 (czas środkowoeuropejski letni)
[debug] [2023-04-26T12:32:55.387Z] ----------------------------------------------------------------------
[debug] 
[debug] [2023-04-26T12:32:55.394Z] > command requires scopes: ["email","openid","https://www.googleapis.com/auth/cloudplatformprojects.readonly","https://www.googleapis.com/auth/firebase","https://www.googleapis.com/auth/cloud-platform"]
[debug] [2023-04-26T12:32:55.394Z] > authorizing via signed-in user (zgolebiewska5@gmail.com)
[info] 
     ######## #### ########  ######## ########     ###     ######  ########
     ##        ##  ##     ## ##       ##     ##  ##   ##  ##       ##
     ######    ##  ########  ######   ########  #########  ######  ######
     ##        ##  ##    ##  ##       ##     ## ##     ##       ## ##
     ##       #### ##     ## ######## ########  ##     ##  ######  ########

You're about to initialize a Firebase project in this directory:

  C:\Users\mrzor\WebstormProjects\zarzadzanie

[info] 
=== Project Setup
[info] 
[info] First, let's associate this project directory with a Firebase project.
[info] You can create multiple project aliases by running firebase use --add, 
[info] but for now we'll just set up a default project.
[info] 
[debug] [2023-04-26T12:33:07.114Z] >>> [apiv2][query] GET https://firebase.googleapis.com/v1beta1/projects pageSize=100
[debug] [2023-04-26T12:33:07.869Z] <<< [apiv2][status] GET https://firebase.googleapis.com/v1beta1/projects 200
[debug] [2023-04-26T12:33:07.869Z] <<< [apiv2][body] GET https://firebase.googleapis.com/v1beta1/projects [omitted]
[info] i  Using project plantree-17cb6 (PlanTree) 
[info] 
=== Hosting Setup
[info] 
[info] Your public directory is the folder (relative to your project directory) that
[info] will contain Hosting assets to be uploaded with firebase deploy. If you
[info] have a build process for your assets, use your build's output directory.
[info] 
